Determining if the pthread_create exist failed with the following output:
Change Dir: /home/athomaz/vector_ws/build/CMakeFiles/CMakeTmp

Run Build Command:/usr/bin/make "cmTryCompileExec3505285148/fast"
/usr/bin/make -f CMakeFiles/cmTryCompileExec3505285148.dir/build.make CMakeFiles/cmTryCompileExec3505285148.dir/build
make[1]: Entering directory `/home/athomaz/vector_ws/build/CMakeFiles/CMakeTmp'
/usr/bin/cmake -E cmake_progress_report /home/athomaz/vector_ws/build/CMakeFiles/CMakeTmp/CMakeFiles 1
Building C object CMakeFiles/cmTryCompileExec3505285148.dir/CheckSymbolExists.c.o
/usr/bin/cc    -o CMakeFiles/cmTryCompileExec3505285148.dir/CheckSymbolExists.c.o   -c /home/athomaz/vector_ws/build/CMakeFiles/CMakeTmp/CheckSymbolExists.c
Linking C executable cmTryCompileExec3505285148
/usr/bin/cmake -E cmake_link_script CMakeFiles/cmTryCompileExec3505285148.dir/link.txt --verbose=1
/usr/bin/cc       CMakeFiles/cmTryCompileExec3505285148.dir/CheckSymbolExists.c.o  -o cmTryCompileExec3505285148 -rdynamic 
CMakeFiles/cmTryCompileExec3505285148.dir/CheckSymbolExists.c.o: In function `main':
CheckSymbolExists.c:(.text+0x16): undefined reference to `pthread_create'
collect2: error: ld returned 1 exit status
make[1]: Leaving directory `/home/athomaz/vector_ws/build/CMakeFiles/CMakeTmp'
make[1]: *** [cmTryCompileExec3505285148] Error 1
make: *** [cmTryCompileExec3505285148/fast] Error 2

File /home/athomaz/vector_ws/build/CMakeFiles/CMakeTmp/CheckSymbolExists.c:
/* */
#include <pthread.h>

int main(int argc, char** argv)
{
  (void)argv;
#ifndef pthread_create
  return ((int*)(&pthread_create))[argc];
#else
  (void)argc;
  return 0;
#endif
}

Determining if the function pthread_create exists in the pthreads failed with the following output:
Change Dir: /home/athomaz/vector_ws/build/CMakeFiles/CMakeTmp

Run Build Command:/usr/bin/make "cmTryCompileExec80309776/fast"
/usr/bin/make -f CMakeFiles/cmTryCompileExec80309776.dir/build.make CMakeFiles/cmTryCompileExec80309776.dir/build
make[1]: Entering directory `/home/athomaz/vector_ws/build/CMakeFiles/CMakeTmp'
/usr/bin/cmake -E cmake_progress_report /home/athomaz/vector_ws/build/CMakeFiles/CMakeTmp/CMakeFiles 1
Building C object CMakeFiles/cmTryCompileExec80309776.dir/CheckFunctionExists.c.o
/usr/bin/cc   -DCHECK_FUNCTION_EXISTS=pthread_create   -o CMakeFiles/cmTryCompileExec80309776.dir/CheckFunctionExists.c.o   -c /usr/share/cmake-2.8/Modules/CheckFunctionExists.c
Linking C executable cmTryCompileExec80309776
/usr/bin/cmake -E cmake_link_script CMakeFiles/cmTryCompileExec80309776.dir/link.txt --verbose=1
/usr/bin/cc   -DCHECK_FUNCTION_EXISTS=pthread_create    CMakeFiles/cmTryCompileExec80309776.dir/CheckFunctionExists.c.o  -o cmTryCompileExec80309776 -rdynamic -lpthreads 
/usr/bin/ld: cannot find -lpthreads
collect2: error: ld returned 1 exit status
make[1]: Leaving directory `/home/athomaz/vector_ws/build/CMakeFiles/CMakeTmp'
make[1]: *** [cmTryCompileExec80309776] Error 1
make: *** [cmTryCompileExec80309776/fast] Error 2


